<?xml version="1.0" encoding="UTF-8"?>
<!-- Generated by org.testng.reporters.JUnitXMLReporter -->
<testsuite hostname="DESKTOP-NVGHHF7" ignored="0" name="Test" tests="25" failures="0" timestamp="2024-01-07T16:59:40 IST" time="24.303" errors="0">
  <testcase name="verifyCreateUserFunctionalityWhenDataIsHardCoded" time="4.221" classname="test.TestPost"/>
  <testcase name="verifyCreateUserFunctionalityWhenDataIsPassedFromJson" time="1.013" classname="test.TestPost"/>
  <testcase name="verifyCreateUserFunctionalityWhenDataPassedFromJsonAndDynamicRequestBody" time="0.852" classname="test.TestPost"/>
  <testcase name="verifyCreateUserFunctionalityWhenDataPassedFromJsonAndRequestBodyAsPojo" time="0.78" classname="test.TestPost"/>
  <testcase name="verifyUserLoginUnsuccessfulWhenDataIsHardCoded" time="0.718" classname="test.TestPost"/>
  <testcase name="verifyUserRegistrationSuccessfulWhenDataIsPassedFromJson" time="0.712" classname="test.TestPost"/>
  <testcase name="verifyUserRegistrationUnsuccessfulWhenDataPassedFromJsonAndDynamicRequestBody" time="0.735" classname="test.TestPost"/>
  <testcase name="verifyUpdateUserFunctionalityWhenDataIsHardCoded" time="0.743" classname="test.TestPut"/>
  <testcase name="verifyUpdateUserFunctionalityWhenDataIsPassedFromJson" time="0.681" classname="test.TestPut"/>
  <testcase name="verifyUpdateUserFunctionalityWhenDataPassedFromJsonAndDynamicRequestBody" time="0.747" classname="test.TestPut"/>
  <testcase name="verifyUpdateUserFunctionalityWhenDataPassedFromJsonAndRequestBodyAsPojo" time="0.749" classname="test.TestPut"/>
  <testcase name="verifyPartialUpdateUserFunctionalityWhenDataIsHardCoded" time="0.985" classname="test.TestPatch"/>
  <testcase name="verifyPartialUpdateUserFunctionalityWhenDataIsPassedFromJson" time="0.739" classname="test.TestPatch"/>
  <testcase name="verifyPartialUpdateUserFunctionalityWhenDataPassedFromJsonAndDynamicRequestBody" time="0.695" classname="test.TestPatch"/>
  <testcase name="verifyPartialUpdateUserFunctionalityWhenDataPassedFromJsonAndRequestBodyAsPojo" time="0.729" classname="test.TestPatch"/>
  <testcase name="verifyGetAllResourcesFunctionalityWhenDataIsPassedFromJson" time="0.529" classname="test.TestGet"/>
  <testcase name="verifyGetAllUsersFunctionalityWhenDataIsHardCoded" time="0.423" classname="test.TestGet"/>
  <testcase name="verifyGetAllUsersFunctionalityWhenDataIsPassedFromJson" time="0.419" classname="test.TestGet"/>
  <testcase name="verifyGetDelayedResponseFunctionalityWhenDataIsPassedFromJson" time="3.835" classname="test.TestGet"/>
  <testcase name="verifyGetSingleResourceFunctionalityWhenDataIsPassedFromJson" time="0.424" classname="test.TestGet"/>
  <testcase name="verifyGetSingleResourceNotFoundFunctionalityWhenDataIsPassedFromJson" time="0.74" classname="test.TestGet"/>
  <testcase name="verifyGetSingleUserDetailsWhenDataIsPassedFromJson" time="0.408" classname="test.TestGet"/>
  <testcase name="verifyGetSingleUserNotFoundWhenDataIsPassedFromJson" time="0.712" classname="test.TestGet"/>
  <testcase name="verifyDeleteUserFunctionalityWhenDataIsHardCoded" time="0.714" classname="test.TestDelete"/>
  <testcase name="verifyDeleteUserFunctionalityWhenDataIsPassedFromJson" time="0.776" classname="test.TestDelete"/>
</testsuite> <!-- Test -->
