<?xml version="1.0" encoding="UTF-8"?>
<!-- Generated by org.testng.reporters.JUnitXMLReporter -->
<testsuite hostname="DESKTOP-NVGHHF7" ignored="0" name="Test1" tests="7" failures="0" timestamp="2024-01-07T17:05:55 IST" time="9.159" errors="0">
  <testcase name="verifyCreateUserFunctionalityWhenDataIsHardCoded" time="4.328" classname="test.TestPost"/>
  <testcase name="verifyCreateUserFunctionalityWhenDataIsPassedFromJson" time="0.721" classname="test.TestPost"/>
  <testcase name="verifyCreateUserFunctionalityWhenDataPassedFromJsonAndDynamicRequestBody" time="0.886" classname="test.TestPost"/>
  <testcase name="verifyCreateUserFunctionalityWhenDataPassedFromJsonAndRequestBodyAsPojo" time="0.805" classname="test.TestPost"/>
  <testcase name="verifyUserLoginUnsuccessfulWhenDataIsHardCoded" time="0.746" classname="test.TestPost"/>
  <testcase name="verifyUserRegistrationSuccessfulWhenDataIsPassedFromJson" time="0.742" classname="test.TestPost"/>
  <testcase name="verifyUserRegistrationUnsuccessfulWhenDataPassedFromJsonAndDynamicRequestBody" time="0.748" classname="test.TestPost"/>
</testsuite> <!-- Test1 -->
