<?xml version="1.0" encoding="UTF-8"?>
<!-- Generated by org.testng.reporters.JUnitXMLReporter -->
<testsuite hostname="DESKTOP-NVGHHF7" ignored="0" name="Test4" tests="8" failures="0" timestamp="2024-01-07T17:06:08 IST" time="6.948" errors="0">
  <testcase name="verifyGetAllResourcesFunctionalityWhenDataIsPassedFromJson" time="0.526" classname="test.TestGet"/>
  <testcase name="verifyGetAllUsersFunctionalityWhenDataIsHardCoded" time="0.408" classname="test.TestGet"/>
  <testcase name="verifyGetAllUsersFunctionalityWhenDataIsPassedFromJson" time="0.372" classname="test.TestGet"/>
  <testcase name="verifyGetDelayedResponseFunctionalityWhenDataIsPassedFromJson" time="3.711" classname="test.TestGet"/>
  <testcase name="verifyGetSingleResourceFunctionalityWhenDataIsPassedFromJson" time="0.412" classname="test.TestGet"/>
  <testcase name="verifyGetSingleResourceNotFoundFunctionalityWhenDataIsPassedFromJson" time="0.726" classname="test.TestGet"/>
  <testcase name="verifyGetSingleUserDetailsWhenDataIsPassedFromJson" time="0.412" classname="test.TestGet"/>
  <testcase name="verifyGetSingleUserNotFoundWhenDataIsPassedFromJson" time="0.354" classname="test.TestGet"/>
</testsuite> <!-- Test4 -->
