<?xml version="1.0" encoding="UTF-8"?>
<!-- Generated by org.testng.reporters.JUnitXMLReporter -->
<testsuite hostname="DESKTOP-NVGHHF7" ignored="0" name="Test5" tests="2" failures="0" timestamp="2024-01-07T17:06:09 IST" time="1.425" errors="0">
  <testcase name="verifyDeleteUserFunctionalityWhenDataIsHardCoded" time="0.698" classname="test.TestDelete"/>
  <testcase name="verifyDeleteUserFunctionalityWhenDataIsPassedFromJson" time="0.718" classname="test.TestDelete"/>
</testsuite> <!-- Test5 -->
