<?xml version="1.0" encoding="UTF-8"?>
<!-- Generated by org.testng.reporters.JUnitXMLReporter -->
<testsuite hostname="DESKTOP-NVGHHF7" ignored="0" name="Test3" tests="4" failures="0" timestamp="2024-01-07T17:06:01 IST" time="2.849" errors="0">
  <testcase name="verifyPartialUpdateUserFunctionalityWhenDataIsHardCoded" time="0.706" classname="test.TestPatch"/>
  <testcase name="verifyPartialUpdateUserFunctionalityWhenDataIsPassedFromJson" time="0.742" classname="test.TestPatch"/>
  <testcase name="verifyPartialUpdateUserFunctionalityWhenDataPassedFromJsonAndDynamicRequestBody" time="0.687" classname="test.TestPatch"/>
  <testcase name="verifyPartialUpdateUserFunctionalityWhenDataPassedFromJsonAndRequestBodyAsPojo" time="0.699" classname="test.TestPatch"/>
</testsuite> <!-- Test3 -->
