<?xml version="1.0" encoding="UTF-8"?>
<!-- Generated by org.testng.reporters.JUnitXMLReporter -->
<testsuite hostname="DESKTOP-NVGHHF7" ignored="0" name="Test2" tests="4" failures="0" timestamp="2024-01-07T17:05:58 IST" time="3.059" errors="0">
  <testcase name="verifyUpdateUserFunctionalityWhenDataIsHardCoded" time="0.787" classname="test.TestPut"/>
  <testcase name="verifyUpdateUserFunctionalityWhenDataIsPassedFromJson" time="0.77" classname="test.TestPut"/>
  <testcase name="verifyUpdateUserFunctionalityWhenDataPassedFromJsonAndDynamicRequestBody" time="0.765" classname="test.TestPut"/>
  <testcase name="verifyUpdateUserFunctionalityWhenDataPassedFromJsonAndRequestBodyAsPojo" time="0.723" classname="test.TestPut"/>
</testsuite> <!-- Test2 -->
