<?xml version="1.0" encoding="UTF-8"?>
<!-- Generated by org.testng.reporters.JUnitXMLReporter -->
<testsuite hostname="DESKTOP-NVGHHF7" ignored="11" name="Test" tests="24" failures="0" timestamp="2023-12-31T15:10:51 IST" time="20.52" errors="0">
  <testcase name="testLoginUnSuccessful" time="3.002" classname="test.TestPost"/>
  <testcase name="testPost" time="0.771" classname="test.TestPost"/>
  <testcase name="testPost2" time="0.722" classname="test.TestPost"/>
  <testcase name="testPost3" time="0.805" classname="test.TestPost"/>
  <testcase name="testRegistrationSuccessful" time="0.746" classname="test.TestPost"/>
  <testcase name="testRegistrationUnSuccessful" time="0.719" classname="test.TestPost"/>
  <testcase name="testPatch" time="0.783" classname="test.TestPatch"/>
  <testcase name="testPatch2" time="0.698" classname="test.TestPatch"/>
  <testcase name="testPatch3" time="0.684" classname="test.TestPatch"/>
  <testcase name="testDelete" time="0.6" classname="test.TestDelete"/>
  <testcase name="testDelete2" time="0.803" classname="test.TestDelete"/>
  <testcase name="testGetDelayedResponse" time="3.732" classname="test.TestGet"/>
  <testcase name="testGetListResources" time="0.627" classname="test.TestGet"/>
  <testcase name="testGetListUsers" time="0.287" classname="test.TestGet"/>
  <testcase name="testGetSingleResource" time="0.617" classname="test.TestGet"/>
  <testcase name="testGetSingleResourceNotFound" time="0.721" classname="test.TestGet"/>
  <testcase name="testGetSingleUser" time="0.38" classname="test.TestGet"/>
  <testcase name="testGetSingleUsersNotFound" time="0.817" classname="test.TestGet"/>
  <testcase name="testGetUsers" time="0.316" classname="test.TestGet"/>
  <testcase name="testGetSingleUser" time="0.001" classname="test.Test1OldGet"/>
  <testcase name="testPostOrchestrationUsingRequestPojo" time="0.683" classname="test.Test1OldPost"/>
  <testcase name="updateUser" time="0.62" classname="test.TestPut"/>
  <testcase name="updateUser2" time="0.6" classname="test.TestPut"/>
  <testcase name="updateUser3" time="0.696" classname="test.TestPut"/>
  <testcase name="testPatch4" time="0.0" classname="test.TestPatch">
    <ignored/>
  </testcase> <!-- testPatch4 -->
  <testcase name="testGet" time="0.0" classname="test.Test1OldGet">
    <ignored/>
  </testcase> <!-- testGet -->
  <testcase name="testLoginSuccessful" time="0.0" classname="test.TestPost">
    <ignored/>
  </testcase> <!-- testLoginSuccessful -->
  <testcase name="testPostOrchestration" time="0.0" classname="test.Test1OldPost">
    <ignored/>
  </testcase> <!-- testPostOrchestration -->
  <testcase name="testPostOrchestrationUsingRequestPojo" time="0.0" classname="test.TestPost">
    <ignored/>
  </testcase> <!-- testPostOrchestrationUsingRequestPojo -->
  <testcase name="testGetListResourses" time="0.0" classname="test.Test1OldGet">
    <ignored/>
  </testcase> <!-- testGetListResourses -->
  <testcase name="testPost" time="0.0" classname="test.Test1OldPost">
    <ignored/>
  </testcase> <!-- testPost -->
  <testcase name="updateUser4" time="0.0" classname="test.TestPut">
    <ignored/>
  </testcase> <!-- updateUser4 -->
  <testcase name="testGetListUsers" time="0.0" classname="test.Test1OldGet">
    <ignored/>
  </testcase> <!-- testGetListUsers -->
  <testcase name="testPost2" time="0.0" classname="test.Test1OldPost">
    <ignored/>
  </testcase> <!-- testPost2 -->
  <testcase name="testGetSingleUsersNotFound" time="0.0" classname="test.Test1OldGet">
    <ignored/>
  </testcase> <!-- testGetSingleUsersNotFound -->
</testsuite> <!-- Test -->
