<?xml version="1.0" encoding="UTF-8"?>
<testng-results skipped="0" failed="0" ignored="7" total="8" passed="1">
  <reporter-output>
  </reporter-output>
  <suite name="Default suite" duration-ms="5478" started-at="2024-01-02T21:21:19 IST" finished-at="2024-01-02T21:21:24 IST">
    <groups>
    </groups>
    <test name="Default test" duration-ms="5478" started-at="2024-01-02T21:21:19 IST" finished-at="2024-01-02T21:21:24 IST">
      <class name="test.TestPost">
        <test-method status="PASS" signature="testRegistrationSuccessful()[pri:0, instance:test.TestPost@6ee52dcd]" name="testRegistrationSuccessful" duration-ms="5409" started-at="2024-01-02T21:21:19 IST" finished-at="2024-01-02T21:21:24 IST">
          <reporter-output>
          </reporter-output>
        </test-method> <!-- testRegistrationSuccessful -->
      </class> <!-- test.TestPost -->
    </test> <!-- Default test -->
  </suite> <!-- Default suite -->
</testng-results>
