<?xml version="1.0" encoding="UTF-8"?>
<!-- Generated by org.testng.reporters.JUnitXMLReporter -->
<testsuite hostname="DESKTOP-NVGHHF7" ignored="7" name="Default test" tests="1" failures="0" timestamp="2024-01-02T21:21:24 IST" time="5.478" errors="0">
  <testcase name="testRegistrationSuccessful" time="5.409" classname="test.TestPost"/>
  <testcase name="testLoginSuccessful" time="0.0" classname="test.TestPost">
    <ignored/>
  </testcase> <!-- testLoginSuccessful -->
  <testcase name="testPostOrchestrationUsingRequestPojo" time="0.0" classname="test.TestPost">
    <ignored/>
  </testcase> <!-- testPostOrchestrationUsingRequestPojo -->
  <testcase name="testRegistrationUnSuccessful" time="0.0" classname="test.TestPost">
    <ignored/>
  </testcase> <!-- testRegistrationUnSuccessful -->
  <testcase name="testPost" time="0.0" classname="test.TestPost">
    <ignored/>
  </testcase> <!-- testPost -->
  <testcase name="testPost2" time="0.0" classname="test.TestPost">
    <ignored/>
  </testcase> <!-- testPost2 -->
  <testcase name="testPost3" time="0.0" classname="test.TestPost">
    <ignored/>
  </testcase> <!-- testPost3 -->
  <testcase name="testLoginUnSuccessful" time="0.0" classname="test.TestPost">
    <ignored/>
  </testcase> <!-- testLoginUnSuccessful -->
</testsuite> <!-- Default test -->
